#
# A fatal error has been detected by the Java Runtime Environment:
#
#  Internal Error (safepoint.cpp:712), pid=51990, tid=0x000000000000600f
#  fatal error: Illegal threadstate encountered: 4
#
# JRE version: Java(TM) SE Runtime Environment (8.0_261-b12) (build 1.8.0_261-b12)
# Java VM: Java HotSpot(TM) 64-Bit Server VM (25.261-b12 mixed mode bsd-amd64 compressed oops)
# Failed to write core dump. Core dumps have been disabled. To enable core dumping, try "ulimit -c unlimited" before starting Java again
#
# If you would like to submit a bug report, please visit:
#   http://bugreport.java.com/bugreport/crash.jsp
# The crash happened outside the Java Virtual Machine in native code.
# See problematic frame for where to report the bug.
#

---------------  T H R E A D  ---------------

Current thread (0x00007ff618092000):  JavaThread "Thread-1" daemon [_thread_in_native, id=24591, stack(0x0000700005d39000,0x0000700005e39000)]

Stack: [0x0000700005d39000,0x0000700005e39000],  sp=0x0000700005e37ee0,  free space=1019k
Native frames: (J=compiled Java code, j=interpreted, Vv=VM code, C=native code)
V  [libjvm.dylib+0x59f597]
V  [libjvm.dylib+0x1d728b]
V  [libjvm.dylib+0x4e9823]
V  [libjvm.dylib+0x564ce9]
V  [libjvm.dylib+0x2fbd10]
C  [libglass.dylib+0x5455]  -[GlassRunnable dealloc]+0x35
C  [Foundation+0x8210b]  -[_NSThreadPerformInfo dealloc]+0x2a
C  [Foundation+0x4edc7]  -[NSObject(NSThreadPerformAdditions) performSelectorOnMainThread:withObject:waitUntilDone:]+0x7c
j  com.sun.glass.ui.mac.MacApplication._submitForLaterInvocation(Ljava/lang/Runnable;)V+0
j  com.sun.glass.ui.mac.MacApplication.submitForLaterInvocation(Ljava/lang/Runnable;)V+2
j  com.sun.glass.ui.InvokeLaterDispatcher.run()V+82
v  ~StubRoutines::call_stub
V  [libjvm.dylib+0x2d42cd]
V  [libjvm.dylib+0x2d2f98]
V  [libjvm.dylib+0x2d31b3]
V  [libjvm.dylib+0x3416cd]
V  [libjvm.dylib+0x5636ee]
V  [libjvm.dylib+0x5635b3]
V  [libjvm.dylib+0x48e895]
C  [libsystem_pthread.dylib+0x6514]  _pthread_start+0x7d
C  [libsystem_pthread.dylib+0x202f]  thread_start+0xf
C  0x0000000000000000

Java frames: (J=compiled Java code, j=interpreted, Vv=VM code)
j  com.sun.glass.ui.mac.MacApplication._submitForLaterInvocation(Ljava/lang/Runnable;)V+0
j  com.sun.glass.ui.mac.MacApplication.submitForLaterInvocation(Ljava/lang/Runnable;)V+2
j  com.sun.glass.ui.InvokeLaterDispatcher.run()V+82
v  ~StubRoutines::call_stub

---------------  P R O C E S S  ---------------

Java Threads: ( => current thread )
  0x00007ff61ba1f000 JavaThread "Thread-4" [_thread_in_native, id=43583, stack(0x000070000624e000,0x000070000634e000)]
  0x00007ff61ba1e000 JavaThread "PulseTimer-CVDisplayLink thread" daemon [_thread_in_native, id=47727, stack(0x0000700005e3c000,0x0000700005ebc000)]
  0x00007ff61810c000 JavaThread "Prism Font Disposer" daemon [_thread_blocked, id=74395, stack(0x000070000614b000,0x000070000624b000)]
  0x00007ff61980a800 JavaThread "JavaFX-Launcher" [_thread_blocked, id=75523, stack(0x0000700006048000,0x0000700006148000)]
  0x00007ff618094000 JavaThread "JavaFX Application Thread" [_thread_in_native, id=259, stack(0x00007ff7bafe6000,0x00007ff7bb7e6000)]
=>0x00007ff618092000 JavaThread "Thread-1" daemon [_thread_in_native, id=24591, stack(0x0000700005d39000,0x0000700005e39000)]
  0x00007ff61900c800 JavaThread "QuantumRenderer-0" daemon [_thread_blocked, id=17155, stack(0x0000700005c36000,0x0000700005d36000)]
  0x00007ff61c017800 JavaThread "Service Thread" daemon [_thread_blocked, id=16131, stack(0x0000700005a30000,0x0000700005b30000)]
  0x00007ff61a80c800 JavaThread "C1 CompilerThread3" daemon [_thread_blocked, id=15875, stack(0x000070000592d000,0x0000700005a2d000)]
  0x00007ff619815800 JavaThread "C2 CompilerThread2" daemon [_thread_blocked, id=15619, stack(0x000070000582a000,0x000070000592a000)]
  0x00007ff619814800 JavaThread "C2 CompilerThread1" daemon [_thread_blocked, id=18435, stack(0x0000700005727000,0x0000700005827000)]
  0x00007ff61c017000 JavaThread "C2 CompilerThread0" daemon [_thread_blocked, id=18947, stack(0x0000700005624000,0x0000700005724000)]
  0x00007ff618017800 JavaThread "Signal Dispatcher" daemon [_thread_blocked, id=15107, stack(0x0000700005521000,0x0000700005621000)]
  0x00007ff619808800 JavaThread "Finalizer" daemon [_thread_blocked, id=13059, stack(0x0000700005318000,0x0000700005418000)]
  0x00007ff61a02f000 JavaThread "Reference Handler" daemon [_thread_blocked, id=20483, stack(0x0000700005215000,0x0000700005315000)]
  0x00007ff61a80f000 JavaThread "main" [_thread_blocked, id=3843, stack(0x00007000047f7000,0x00007000048f7000)]

Other Threads:
  0x00007ff61a00a000 VMThread [stack: 0x0000700005112000,0x0000700005212000] [id=12291]
  0x00007ff61b815000 WatcherThread [stack: 0x0000700005b33000,0x0000700005c33000] [id=17411]

VM state:not at safepoint (normal execution)

VM Mutex/Monitor currently owned by a thread: None

heap address: 0x0000000740000000, size: 2048 MB, Compressed Oops mode: Zero based, Oop shift amount: 3
Narrow klass base: 0x0000000000000000, Narrow klass shift: 3
Compressed class space size: 1073741824 Address: 0x00000007c0000000

Heap:
 PSYoungGen      total 38400K, used 9653K [0x0000000795580000, 0x0000000798000000, 0x00000007c0000000)
  eden space 33280K, 14% used [0x0000000795580000,0x0000000795a24cd8,0x0000000797600000)
  from space 5120K, 95% used [0x0000000797600000,0x0000000797ac8ac0,0x0000000797b00000)
  to   space 5120K, 0% used [0x0000000797b00000,0x0000000797b00000,0x0000000798000000)
 ParOldGen       total 87552K, used 5016K [0x0000000740000000, 0x0000000745580000, 0x0000000795580000)
  object space 87552K, 5% used [0x0000000740000000,0x00000007404e6020,0x0000000745580000)
 Metaspace       used 15400K, capacity 16182K, committed 16384K, reserved 1062912K
  class space    used 2310K, capacity 2519K, committed 2560K, reserved 1048576K

Card table byte_map: [0x0000000104cdf000,0x00000001050e0000] byte_map_base: 0x00000001012df000

Marking Bits: (ParMarkBitMap*) 0x0000000105d49748
 Begin Bits: [0x0000000117ea0000, 0x0000000119ea0000)
 End Bits:   [0x0000000119ea0000, 0x000000011bea0000)

Polling page: 0x0000000104857000

CodeCache: size=245760Kb used=4541Kb max_used=4541Kb free=241218Kb
 bounds [0x0000000108ea0000, 0x0000000109320000, 0x0000000117ea0000]
 total_blobs=2028 nmethods=1396 adapters=545
 compilation: enabled

Compilation events (10 events):
Event: 4.826 Thread 0x00007ff61a80c800 1388       3       java.util.ArrayList::<init> (61 bytes)
Event: 4.827 Thread 0x00007ff61a80c800 nmethod 1388 0x000000010930d510 code [0x000000010930d720, 0x000000010930e198]
Event: 4.827 Thread 0x00007ff61a80c800 1385       3       javafx.scene.Node::getLayoutBounds (11 bytes)
Event: 4.827 Thread 0x00007ff61a80c800 nmethod 1385 0x000000010930e610 code [0x000000010930e780, 0x000000010930eb08]
Event: 4.827 Thread 0x00007ff61a80c800 1384       3       javafx.scene.text.Font::getSize (5 bytes)
Event: 4.827 Thread 0x00007ff61a80c800 nmethod 1384 0x000000010930ebd0 code [0x000000010930ed20, 0x000000010930ee70]
Event: 4.827 Thread 0x00007ff61a80c800 1386       1       com.sun.javafx.geom.transform.BaseTransform::getMzt (2 bytes)
Event: 4.827 Thread 0x00007ff61a80c800 nmethod 1386 0x000000010930ef10 code [0x000000010930f060, 0x000000010930f170]
Event: 4.827 Thread 0x00007ff61a80c800 1383       1       com.sun.javafx.css.CalculatedValue::isRelative (5 bytes)
Event: 4.827 Thread 0x00007ff61a80c800 nmethod 1383 0x000000010930f1d0 code [0x000000010930f320, 0x000000010930f430]

GC Heap History (2 events):
Event: 3.114 GC heap before
{Heap before GC invocations=1 (full 0):
 PSYoungGen      total 38400K, used 33280K [0x0000000795580000, 0x0000000798000000, 0x00000007c0000000)
  eden space 33280K, 100% used [0x0000000795580000,0x0000000797600000,0x0000000797600000)
  from space 5120K, 0% used [0x0000000797b00000,0x0000000797b00000,0x0000000798000000)
  to   space 5120K, 0% used [0x0000000797600000,0x0000000797600000,0x0000000797b00000)
 ParOldGen       total 87552K, used 0K [0x0000000740000000, 0x0000000745580000, 0x0000000795580000)
  object space 87552K, 0% used [0x0000000740000000,0x0000000740000000,0x0000000745580000)
 Metaspace       used 13899K, capacity 14496K, committed 14592K, reserved 1060864K
  class space    used 2048K, capacity 2233K, committed 2304K, reserved 1048576K
Event: 3.124 GC heap after
Heap after GC invocations=1 (full 0):
 PSYoungGen      total 38400K, used 4898K [0x0000000795580000, 0x0000000798000000, 0x00000007c0000000)
  eden space 33280K, 0% used [0x0000000795580000,0x0000000795580000,0x0000000797600000)
  from space 5120K, 95% used [0x0000000797600000,0x0000000797ac8ac0,0x0000000797b00000)
  to   space 5120K, 0% used [0x0000000797b00000,0x0000000797b00000,0x0000000798000000)
 ParOldGen       total 87552K, used 5016K [0x0000000740000000, 0x0000000745580000, 0x0000000795580000)
  object space 87552K, 5% used [0x0000000740000000,0x00000007404e6020,0x0000000745580000)
 Metaspace       used 13899K, capacity 14496K, committed 14592K, reserved 1060864K
  class space    used 2048K, capacity 2233K, committed 2304K, reserved 1048576K
}

Deoptimization events (10 events):
Event: 0.824 Thread 0x00007ff618094000 Uncommon trap: reason=class_check action=maybe_recompile pc=0x00000001090ee184 method=java.io.DataInputStream.readShort()S @ 4
Event: 0.824 Thread 0x00007ff618094000 Uncommon trap: reason=class_check action=maybe_recompile pc=0x00000001090ee184 method=java.io.DataInputStream.readShort()S @ 4
Event: 0.824 Thread 0x00007ff618094000 Uncommon trap: reason=class_check action=maybe_recompile pc=0x00000001090ee184 method=java.io.DataInputStream.readShort()S @ 4
Event: 0.826 Thread 0x00007ff618094000 Uncommon trap: reason=class_check action=maybe_recompile pc=0x0000000108fbfe48 method=java.lang.String.equals(Ljava/lang/Object;)Z @ 8
Event: 0.826 Thread 0x00007ff618094000 Uncommon trap: reason=class_check action=maybe_recompile pc=0x0000000108fbfe48 method=java.lang.String.equals(Ljava/lang/Object;)Z @ 8
Event: 0.826 Thread 0x00007ff618094000 Uncommon trap: reason=class_check action=maybe_recompile pc=0x0000000108fbfe48 method=java.lang.String.equals(Ljava/lang/Object;)Z @ 8
Event: 0.828 Thread 0x00007ff618094000 Uncommon trap: reason=class_check action=maybe_recompile pc=0x0000000108fbfe48 method=java.lang.String.equals(Ljava/lang/Object;)Z @ 8
Event: 0.970 Thread 0x00007ff618094000 Uncommon trap: reason=unstable_if action=reinterpret pc=0x00000001090b89e0 method=java.lang.CharacterData.of(I)Ljava/lang/CharacterData; @ 4
Event: 1.165 Thread 0x00007ff61900c800 Uncommon trap: reason=unstable_if action=reinterpret pc=0x000000010913eb94 method=sun.net.www.ParseUtil.encodePath(Ljava/lang/String;Z)Ljava/lang/String; @ 109
Event: 3.150 Thread 0x00007ff618094000 Uncommon trap: reason=unstable_if action=reinterpret pc=0x00000001091e04e4 method=jdk.internal.org.objectweb.asm.Type.getArgumentsAndReturnSizes(Ljava/lang/String;)I @ 47

Classes redefined (0 events):
No events

Internal exceptions (10 events):
Event: 0.213 Thread 0x00007ff61a80f000 Exception <a 'java/lang/NoSuchFieldError': method resolution failed> (0x00000007957a82f8) thrown at [/jenkins/workspace/8-2-build-macosx-x86_64/jdk8u261/295/hotspot/src/share/vm/prims/methodHandles.cpp, line 1169]
Event: 0.214 Thread 0x00007ff61a80f000 Exception <a 'java/lang/NoSuchFieldError': method resolution failed> (0x00000007957b5678) thrown at [/jenkins/workspace/8-2-build-macosx-x86_64/jdk8u261/295/hotspot/src/share/vm/prims/methodHandles.cpp, line 1169]
Event: 0.240 Thread 0x00007ff61a80f000 Exception <a 'java/security/PrivilegedActionException'> (0x0000000795844990) thrown at [/jenkins/workspace/8-2-build-macosx-x86_64/jdk8u261/295/hotspot/src/share/vm/prims/jvm.cpp, line 1512]
Event: 0.240 Thread 0x00007ff61a80f000 Exception <a 'java/security/PrivilegedActionException'> (0x0000000795844ba0) thrown at [/jenkins/workspace/8-2-build-macosx-x86_64/jdk8u261/295/hotspot/src/share/vm/prims/jvm.cpp, line 1512]
Event: 0.240 Thread 0x00007ff61a80f000 Exception <a 'java/security/PrivilegedActionException'> (0x00000007958491f8) thrown at [/jenkins/workspace/8-2-build-macosx-x86_64/jdk8u261/295/hotspot/src/share/vm/prims/jvm.cpp, line 1512]
Event: 0.240 Thread 0x00007ff61a80f000 Exception <a 'java/security/PrivilegedActionException'> (0x0000000795849408) thrown at [/jenkins/workspace/8-2-build-macosx-x86_64/jdk8u261/295/hotspot/src/share/vm/prims/jvm.cpp, line 1512]
Event: 0.240 Thread 0x00007ff61a80f000 Exception <a 'java/lang/NullPointerException'> (0x00000007958499e0) thrown at [/jenkins/workspace/8-2-build-macosx-x86_64/jdk8u261/295/hotspot/src/share/vm/interpreter/linkResolver.cpp, line 1185]
Event: 0.584 Thread 0x00007ff618094000 Exception <a 'java/lang/NullPointerException'> (0x0000000796109a08) thrown at [/jenkins/workspace/8-2-build-macosx-x86_64/jdk8u261/295/hotspot/src/share/vm/interpreter/linkResolver.cpp, line 1185]
Event: 0.584 Thread 0x00007ff618094000 Exception <a 'java/lang/NullPointerException'> (0x0000000796109a08) thrown at [/jenkins/workspace/8-2-build-macosx-x86_64/jdk8u261/295/hotspot/src/share/vm/prims/jvm.cpp, line 1516]
Event: 0.703 Thread 0x00007ff618094000 Implicit null exception at 0x00000001090fbb75 to 0x00000001090fbd6d

Events (10 events):
Event: 4.835 loading class sun/net/NetHooks done
Event: 4.835 loading class sun/net/sdp/SdpProvider
Event: 4.836 loading class sun/net/NetHooks$Provider
Event: 4.836 loading class sun/net/NetHooks$Provider done
Event: 4.836 loading class sun/net/sdp/SdpProvider done
Event: 4.837 loading class java/net/NetworkInterface$1
Event: 4.837 loading class java/net/NetworkInterface$1 done
Event: 4.843 loading class java/net/InterfaceAddress
Event: 4.843 loading class java/net/InterfaceAddress done
Event: 4.843 Executing VM operation: RevokeBias


Dynamic libraries:
0x00007ff8225f2000 	/System/Library/Frameworks/Cocoa.framework/Versions/A/Cocoa
0x00007ff80e430000 	/System/Library/Frameworks/AppKit.framework/Versions/C/AppKit
0x00007ff81191d000 	/System/Library/Frameworks/CoreData.framework/Versions/A/CoreData
0x00007ff80c84b000 	/System/Library/Frameworks/Foundation.framework/Versions/C/Foundation
0x00007ff816792000 	/usr/lib/libSystem.B.dylib
0x00007ff80f2bd000 	/System/Library/PrivateFrameworks/UIFoundation.framework/Versions/A/UIFoundation
0x00007ff81c5ca000 	/System/Library/PrivateFrameworks/RemoteViewServices.framework/Versions/A/RemoteViewServices
0x00007ff81493e000 	/System/Library/PrivateFrameworks/XCTTargetBootstrap.framework/Versions/A/XCTTargetBootstrap
0x00007ff8185a1000 	/System/Library/PrivateFrameworks/InternationalSupport.framework/Versions/A/InternationalSupport
0x00007ff81862b000 	/System/Library/PrivateFrameworks/UserActivity.framework/Versions/A/UserActivity
0x00007ff817981000 	/usr/lib/libspindump.dylib
0x00007ff80f54b000 	/System/Library/Frameworks/UniformTypeIdentifiers.framework/Versions/A/UniformTypeIdentifiers
0x00007ff81307d000 	/usr/lib/libapp_launch_measurement.dylib
0x00007ff8122e7000 	/System/Library/PrivateFrameworks/CoreAnalytics.framework/Versions/A/CoreAnalytics
0x00007ff813080000 	/System/Library/PrivateFrameworks/CoreAutoLayout.framework/Versions/A/CoreAutoLayout
0x00007ff81429f000 	/System/Library/Frameworks/Metal.framework/Versions/A/Metal
0x00007ff814fb4000 	/usr/lib/liblangid.dylib
0x00007ff814942000 	/System/Library/PrivateFrameworks/CoreSVG.framework/Versions/A/CoreSVG
0x00007ff81090d000 	/System/Library/PrivateFrameworks/SkyLight.framework/Versions/A/SkyLight
0x00007ff810c9e000 	/System/Library/Frameworks/CoreGraphics.framework/Versions/A/CoreGraphics
0x00007ff81cc35000 	/System/Library/Frameworks/Accelerate.framework/Versions/A/Accelerate
0x00007ff8173fc000 	/System/Library/PrivateFrameworks/IconServices.framework/Versions/A/IconServices
0x00007ff814284000 	/System/Library/Frameworks/IOSurface.framework/Versions/A/IOSurface
0x00007ff812315000 	/usr/lib/libDiagnosticMessagesClient.dylib
0x00007ff8166b2000 	/usr/lib/libz.1.dylib
0x00007ff820294000 	/System/Library/Frameworks/ApplicationServices.framework/Versions/A/ApplicationServices
0x00007ff81492a000 	/System/Library/PrivateFrameworks/DFRFoundation.framework/Versions/A/DFRFoundation
0x00007ff80dd21000 	/usr/lib/libicucore.A.dylib
0x00007ff8192c3000 	/System/Library/Frameworks/AudioToolbox.framework/Versions/A/AudioToolbox
0x00007ff8185ad000 	/System/Library/PrivateFrameworks/DataDetectorsCore.framework/Versions/A/DataDetectorsCore
0x00007ff913df3000 	/System/Library/PrivateFrameworks/TextInput.framework/Versions/A/TextInput
0x00007ff810890000 	/usr/lib/libMobileGestalt.dylib
0x00007ff814632000 	/System/Library/Frameworks/Carbon.framework/Versions/A/Frameworks/HIToolbox.framework/Versions/A/HIToolbox
0x00007ff812aab000 	/System/Library/Frameworks/QuartzCore.framework/Versions/A/QuartzCore
0x00007ff80d9c2000 	/System/Library/Frameworks/Security.framework/Versions/A/Security
0x00007ff81c602000 	/System/Library/Frameworks/Carbon.framework/Versions/A/Frameworks/SpeechRecognition.framework/Versions/A/SpeechRecognition
0x00007ff812ddd000 	/System/Library/PrivateFrameworks/CoreUI.framework/Versions/A/CoreUI
0x00007ff80d29c000 	/System/Library/Frameworks/CoreAudio.framework/Versions/A/CoreAudio
0x00007ff812403000 	/System/Library/Frameworks/DiskArbitration.framework/Versions/A/DiskArbitration
0x00007ff817d68000 	/System/Library/PrivateFrameworks/MultitouchSupport.framework/Versions/A/MultitouchSupport
0x00007ff81088f000 	/usr/lib/libenergytrace.dylib
0x00007ff80e31c000 	/System/Library/Frameworks/IOKit.framework/Versions/A/IOKit
0x00007ff81c9ec000 	/System/Library/Frameworks/CoreServices.framework/Versions/A/CoreServices
0x00007ff813017000 	/System/Library/PrivateFrameworks/PerformanceAnalysis.framework/Versions/A/PerformanceAnalysis
0x00007ffa233b4000 	/System/Library/Frameworks/OpenGL.framework/Versions/A/OpenGL
0x00007ff815cea000 	/System/Library/PrivateFrameworks/MobileKeyBag.framework/Versions/A/MobileKeyBag
0x00007ff80b80c000 	/usr/lib/libobjc.A.dylib
0x00007ff81136a000 	/System/Library/Frameworks/ColorSync.framework/Versions/A/ColorSync
0x00007ff80b9c5000 	/System/Library/Frameworks/CoreFoundation.framework/Versions/A/CoreFoundation
0x00007ff814bbb000 	/System/Library/Frameworks/CoreImage.framework/Versions/A/CoreImage
0x00007ff80d0b2000 	/System/Library/Frameworks/CoreText.framework/Versions/A/CoreText
0x00007ff814971000 	/System/Library/Frameworks/ImageIO.framework/Versions/A/ImageIO
0x00007ff816798000 	/System/Library/PrivateFrameworks/SoftLinking.framework/Versions/A/SoftLinking
0x00007ff8130c8000 	/usr/lib/libxml2.2.dylib
0x00007ff80b8d2000 	/usr/lib/libc++.1.dylib
0x00007ff816a1b000 	/usr/lib/libcompression.dylib
0x00007ff8184d7000 	/System/Library/PrivateFrameworks/TextureIO.framework/Versions/A/TextureIO
0x00007ff81710e000 	/usr/lib/libate.dylib
0x00007ff81678d000 	/usr/lib/system/libcache.dylib
0x00007ff816749000 	/usr/lib/system/libcommonCrypto.dylib
0x00007ff816772000 	/usr/lib/system/libcompiler_rt.dylib
0x00007ff816768000 	/usr/lib/system/libcopyfile.dylib
0x00007ff80b706000 	/usr/lib/system/libcorecrypto.dylib
0x00007ff80b7c5000 	/usr/lib/system/libdispatch.dylib
0x00007ff80b984000 	/usr/lib/system/libdyld.dylib
0x00007ff816784000 	/usr/lib/system/libkeymgr.dylib
0x00007ff816727000 	/usr/lib/system/libmacho.dylib
0x00007ff815dbe000 	/usr/lib/system/libquarantine.dylib
0x00007ff816782000 	/usr/lib/system/libremovefile.dylib
0x00007ff8108dc000 	/usr/lib/system/libsystem_asl.dylib
0x00007ff80b6b4000 	/usr/lib/system/libsystem_blocks.dylib
0x00007ff80b849000 	/usr/lib/system/libsystem_c.dylib
0x00007ff81677a000 	/usr/lib/system/libsystem_collections.dylib
0x00007ff814fa5000 	/usr/lib/system/libsystem_configuration.dylib
0x00007ff814267000 	/usr/lib/system/libsystem_containermanager.dylib
0x00007ff816466000 	/usr/lib/system/libsystem_coreservices.dylib
0x00007ff80dfaa000 	/usr/lib/system/libsystem_darwin.dylib
0x00007ff816785000 	/usr/lib/system/libsystem_dnssd.dylib
0x00007ff80b846000 	/usr/lib/system/libsystem_featureflags.dylib
0x00007ff80b99a000 	/usr/lib/system/libsystem_info.dylib
0x00007ff8166c5000 	/usr/lib/system/libsystem_m.dylib
0x00007ff80b799000 	/usr/lib/system/libsystem_malloc.dylib
0x00007ff810879000 	/usr/lib/system/libsystem_networkextension.dylib
0x00007ff80e3d2000 	/usr/lib/system/libsystem_notify.dylib
0x00007ff81c8c3000 	/usr/lib/system/libsystem_product_info_filter.dylib
0x00007ff814fa9000 	/usr/lib/system/libsystem_sandbox.dylib
0x00007ff81677f000 	/usr/lib/system/libsystem_secinit.dylib
0x00007ff80b941000 	/usr/lib/system/libsystem_kernel.dylib
0x00007ff80b990000 	/usr/lib/system/libsystem_platform.dylib
0x00007ff80b978000 	/usr/lib/system/libsystem_pthread.dylib
0x00007ff81212d000 	/usr/lib/system/libsystem_symptoms.dylib
0x00007ff80b6ed000 	/usr/lib/system/libsystem_trace.dylib
0x00007ff816755000 	/usr/lib/system/libunwind.dylib
0x00007ff80b6b6000 	/usr/lib/system/libxpc.dylib
0x00007ff80b92b000 	/usr/lib/libc++abi.dylib
0x00007ff816760000 	/usr/lib/liboah.dylib
0x00007ff816eec000 	/usr/lib/liblzma.5.dylib
0x00007ff80c55c000 	/System/Library/Frameworks/SystemConfiguration.framework/Versions/A/SystemConfiguration
0x00007ff816794000 	/usr/lib/libfakelink.dylib
0x00007ff8103e3000 	/System/Library/Frameworks/CFNetwork.framework/Versions/A/CFNetwork
0x00007ff8168d3000 	/usr/lib/libarchive.2.dylib
0x00007ff814fb0000 	/System/Library/PrivateFrameworks/AppleSystemInfo.framework/Versions/A/AppleSystemInfo
0x00007ff815de4000 	/usr/lib/libbsm.0.dylib
0x00007ff80fa1a000 	/usr/lib/libnetwork.dylib
0x00007ff81672d000 	/usr/lib/system/libkxld.dylib
0x00007ff815a13000 	/System/Library/PrivateFrameworks/IOMobileFramebuffer.framework/Versions/A/IOMobileFramebuffer
0x00007ffb20e9d000 	/usr/lib/libCoreEntitlements.dylib
0x00007ff816448000 	/System/Library/PrivateFrameworks/AppleFSCompression.framework/Versions/A/AppleFSCompression
0x00007ff815dcd000 	/usr/lib/libcoretls.dylib
0x00007ff816f06000 	/usr/lib/libcoretls_cfhelpers.dylib
0x00007ff816a16000 	/usr/lib/libpam.2.dylib
0x00007ff811d4f000 	/usr/lib/libsqlite3.dylib
0x00007ff816f75000 	/usr/lib/libxar.1.dylib
0x00007ff816458000 	/usr/lib/libbz2.1.0.dylib
0x00007ff816799000 	/usr/lib/libpcap.A.dylib
0x00007ff812124000 	/usr/lib/libdns_services.dylib
0x00007ff8169e5000 	/usr/lib/libapple_nghttp2.dylib
0x00007ff8167d0000 	/usr/lib/libiconv.2.dylib
0x00007ff816726000 	/usr/lib/libcharset.1.dylib
0x00007ff81304b000 	/System/Library/Frameworks/CoreServices.framework/Versions/A/Frameworks/FSEvents.framework/Versions/A/FSEvents
0x00007ff80dfb4000 	/System/Library/Frameworks/CoreServices.framework/Versions/A/Frameworks/CarbonCore.framework/Versions/A/CarbonCore
0x00007ff812368000 	/System/Library/Frameworks/CoreServices.framework/Versions/A/Frameworks/Metadata.framework/Versions/A/Metadata
0x00007ff81646b000 	/System/Library/Frameworks/CoreServices.framework/Versions/A/Frameworks/OSServices.framework/Versions/A/OSServices
0x00007ff816959000 	/System/Library/Frameworks/CoreServices.framework/Versions/A/Frameworks/SearchKit.framework/Versions/A/SearchKit
0x00007ff8120b6000 	/System/Library/Frameworks/CoreServices.framework/Versions/A/Frameworks/AE.framework/Versions/A/AE
0x00007ff80bec8000 	/System/Library/Frameworks/CoreServices.framework/Versions/A/Frameworks/LaunchServices.framework/Versions/A/LaunchServices
0x00007ff816e9d000 	/System/Library/Frameworks/CoreServices.framework/Versions/A/Frameworks/DictionaryServices.framework/Versions/A/DictionaryServices
0x00007ff813058000 	/System/Library/Frameworks/CoreServices.framework/Versions/A/Frameworks/SharedFileList.framework/Versions/A/SharedFileList
0x00007ff815dc1000 	/usr/lib/libCheckFix.dylib
0x00007ff8108f3000 	/System/Library/PrivateFrameworks/TCC.framework/Versions/A/TCC
0x00007ff814fb6000 	/System/Library/PrivateFrameworks/CoreNLP.framework/Versions/A/CoreNLP
0x00007ff812318000 	/System/Library/PrivateFrameworks/MetadataUtilities.framework/Versions/A/MetadataUtilities
0x00007ff80c60c000 	/usr/lib/libmecabra.dylib
0x00007ff815df4000 	/usr/lib/libmecab.dylib
0x00007ff80c5d7000 	/usr/lib/libCRFSuite.dylib
0x00007ff815e51000 	/usr/lib/libgermantok.dylib
0x00007ff8169c0000 	/usr/lib/libThaiTokenizer.dylib
0x00007ff81240a000 	/System/Library/Frameworks/Accelerate.framework/Versions/A/Frameworks/vImage.framework/Versions/A/vImage
0x00007ff81c9c3000 	/System/Library/Frameworks/Accelerate.framework/Versions/A/Frameworks/vecLib.framework/Versions/A/vecLib
0x00007ff816fb6000 	/System/Library/Frameworks/Accelerate.framework/Versions/A/Frameworks/vecLib.framework/Versions/A/libvMisc.dylib
0x00007ff815831000 	/System/Library/Frameworks/Accelerate.framework/Versions/A/Frameworks/vecLib.framework/Versions/A/libvDSP.dylib
0x00007ff80c240000 	/System/Library/Frameworks/Accelerate.framework/Versions/A/Frameworks/vecLib.framework/Versions/A/libBLAS.dylib
0x00007ff816af7000 	/System/Library/Frameworks/Accelerate.framework/Versions/A/Frameworks/vecLib.framework/Versions/A/libLAPACK.dylib
0x00007ff815e54000 	/System/Library/Frameworks/Accelerate.framework/Versions/A/Frameworks/vecLib.framework/Versions/A/libLinearAlgebra.dylib
0x00007ff8169fe000 	/System/Library/Frameworks/Accelerate.framework/Versions/A/Frameworks/vecLib.framework/Versions/A/libSparseBLAS.dylib
0x00007ff816af1000 	/System/Library/Frameworks/Accelerate.framework/Versions/A/Frameworks/vecLib.framework/Versions/A/libQuadrature.dylib
0x00007ff8150a0000 	/System/Library/Frameworks/Accelerate.framework/Versions/A/Frameworks/vecLib.framework/Versions/A/libBNNS.dylib
0x00007ff80c4ed000 	/System/Library/Frameworks/Accelerate.framework/Versions/A/Frameworks/vecLib.framework/Versions/A/libSparse.dylib
0x00007ff815099000 	/System/Library/PrivateFrameworks/LinguisticData.framework/Versions/A/LinguisticData
0x00007ff80c4a2000 	/System/Library/PrivateFrameworks/Lexicon.framework/Versions/A/Lexicon
0x00007ff816faf000 	/usr/lib/libChineseTokenizer.dylib
0x00007ff80cc06000 	/System/Library/PrivateFrameworks/LanguageModeling.framework/Versions/A/LanguageModeling
0x00007ff8169c2000 	/System/Library/PrivateFrameworks/AppleSauce.framework/Versions/A/AppleSauce
0x00007ff815a01000 	/System/Library/PrivateFrameworks/CoreEmoji.framework/Versions/A/CoreEmoji
0x00007ff8168c2000 	/usr/lib/libcmph.dylib
0x00007ff81302f000 	/System/Library/Frameworks/OpenDirectory.framework/Versions/A/Frameworks/CFOpenDirectory.framework/Versions/A/CFOpenDirectory
0x00007ff813023000 	/System/Library/Frameworks/OpenDirectory.framework/Versions/A/OpenDirectory
0x00007ff816f08000 	/System/Library/PrivateFrameworks/APFS.framework/Versions/A/APFS
0x00007ff815d22000 	/System/Library/Frameworks/SecurityFoundation.framework/Versions/A/SecurityFoundation
0x00007ff816f83000 	/usr/lib/libutil.dylib
0x00007ff80e2df000 	/System/Library/PrivateFrameworks/CoreServicesStore.framework/Versions/A/CoreServicesStore
0x00007ff816f87000 	/usr/lib/libxslt.1.dylib
0x00007ff815daf000 	/System/Library/PrivateFrameworks/BackgroundTaskManagement.framework/Versions/A/BackgroundTaskManagement
0x00007ff8183f7000 	/System/Library/Frameworks/ImageIO.framework/Versions/A/Resources/libRadiance.dylib
0x00007ff818400000 	/System/Library/Frameworks/ImageIO.framework/Versions/A/Resources/libJPEG.dylib
0x00007ff818350000 	/System/Library/Frameworks/ImageIO.framework/Versions/A/Resources/libPng.dylib
0x00007ff818371000 	/System/Library/Frameworks/ImageIO.framework/Versions/A/Resources/libTIFF.dylib
0x00007ff818460000 	/System/Library/Frameworks/ImageIO.framework/Versions/A/Resources/libGIF.dylib
0x00007ff817c81000 	/System/Library/Frameworks/ImageIO.framework/Versions/A/Resources/libJP2.dylib
0x00007ff8173c3000 	/usr/lib/libexpat.1.dylib
0x00007ff817c36000 	/System/Library/PrivateFrameworks/AppleJPEG.framework/Versions/A/AppleJPEG
0x00007ff8144f9000 	/System/Library/PrivateFrameworks/FontServices.framework/libFontParser.dylib
0x00007ff812060000 	/System/Library/PrivateFrameworks/RunningBoardServices.framework/Versions/A/RunningBoardServices
0x00007ff822b63000 	/System/Library/PrivateFrameworks/IOSurfaceAccelerator.framework/Versions/A/IOSurfaceAccelerator
0x00007ff817d64000 	/System/Library/PrivateFrameworks/WatchdogClient.framework/Versions/A/WatchdogClient
0x00007ff80ccf5000 	/System/Library/Frameworks/CoreDisplay.framework/Versions/A/CoreDisplay
0x00007ff8143f9000 	/System/Library/Frameworks/CoreMedia.framework/Versions/A/CoreMedia
0x00007ff814296000 	/System/Library/PrivateFrameworks/IOAccelerator.framework/Versions/A/IOAccelerator
0x00007ff8131ab000 	/System/Library/Frameworks/CoreVideo.framework/Versions/A/CoreVideo
0x00007ff816a14000 	/System/Library/Frameworks/MetalPerformanceShaders.framework/Versions/A/MetalPerformanceShaders
0x00007ff817d9f000 	/System/Library/Frameworks/VideoToolbox.framework/Versions/A/VideoToolbox
0x00007ff811fa8000 	/System/Library/PrivateFrameworks/BaseBoard.framework/Versions/A/BaseBoard
0x00007ff811d35000 	/System/Library/PrivateFrameworks/ProtocolBuffer.framework/Versions/A/ProtocolBuffer
0x00007ff8183f0000 	/System/Library/PrivateFrameworks/GPUWrangler.framework/Versions/A/GPUWrangler
0x00007ff8183d3000 	/System/Library/PrivateFrameworks/IOPresentment.framework/Versions/A/IOPresentment
0x00007ff8183fa000 	/System/Library/PrivateFrameworks/DSExternalDisplay.framework/Versions/A/DSExternalDisplay
0x00007ffa233a8000 	/System/Library/Frameworks/OpenGL.framework/Versions/A/Libraries/libCoreFSCache.dylib
0x00007ffb0f49c000 	/System/Library/PrivateFrameworks/GPUCompiler.framework/Versions/31001/Libraries/libGPUCompilerUtils.dylib
0x00007ff818465000 	/System/Library/PrivateFrameworks/CMCaptureCore.framework/Versions/A/CMCaptureCore
0x00007ff81796f000 	/System/Library/PrivateFrameworks/AppServerSupport.framework/Versions/A/AppServerSupport
0x00007ff819b40000 	/System/Library/PrivateFrameworks/perfdata.framework/Versions/A/perfdata
0x00007ff80ce21000 	/System/Library/PrivateFrameworks/AudioToolboxCore.framework/Versions/A/AudioToolboxCore
0x00007ff8143d6000 	/System/Library/PrivateFrameworks/caulk.framework/Versions/A/caulk
0x00007ff81946d000 	/usr/lib/libAudioStatistics.dylib
0x00007ff9106b2000 	/System/Library/PrivateFrameworks/SystemPolicy.framework/Versions/A/SystemPolicy
0x00007ff8196b9000 	/usr/lib/libSMC.dylib
0x00007ff8224a5000 	/System/Library/Frameworks/CoreMIDI.framework/Versions/A/CoreMIDI
0x00007ff818320000 	/usr/lib/libAudioToolboxUtility.dylib
0x00007ff90cb3a000 	/System/Library/PrivateFrameworks/OSAServicesClient.framework/Versions/A/OSAServicesClient
0x00007ff819b4d000 	/usr/lib/libperfcheck.dylib
0x00007ff91113e000 	/usr/lib/libmis.dylib
0x00007ffa23404000 	/System/Library/Frameworks/OpenGL.framework/Versions/A/Libraries/libGLU.dylib
0x00007ffa233c7000 	/System/Library/Frameworks/OpenGL.framework/Versions/A/Libraries/libGFXShared.dylib
0x00007ffa235d5000 	/System/Library/Frameworks/OpenGL.framework/Versions/A/Libraries/libGL.dylib
0x00007ffa233d0000 	/System/Library/Frameworks/OpenGL.framework/Versions/A/Libraries/libGLImage.dylib
0x00007ffa233c4000 	/System/Library/Frameworks/OpenGL.framework/Versions/A/Libraries/libCVMSPluginSupport.dylib
0x00007ffa233af000 	/System/Library/Frameworks/OpenGL.framework/Versions/A/Libraries/libCoreVMClient.dylib
0x00007ff814f34000 	/System/Library/Frameworks/MetalPerformanceShaders.framework/Versions/A/Frameworks/MPSCore.framework/Versions/A/MPSCore
0x00007ff8163b3000 	/System/Library/Frameworks/MetalPerformanceShaders.framework/Versions/A/Frameworks/MPSImage.framework/Versions/A/MPSImage
0x00007ff815e6a000 	/System/Library/Frameworks/MetalPerformanceShaders.framework/Versions/A/Frameworks/MPSNeuralNetwork.framework/Versions/A/MPSNeuralNetwork
0x00007ff8162df000 	/System/Library/Frameworks/MetalPerformanceShaders.framework/Versions/A/Frameworks/MPSMatrix.framework/Versions/A/MPSMatrix
0x00007ff81609b000 	/System/Library/Frameworks/MetalPerformanceShaders.framework/Versions/A/Frameworks/MPSRayIntersector.framework/Versions/A/MPSRayIntersector
0x00007ff816318000 	/System/Library/Frameworks/MetalPerformanceShaders.framework/Versions/A/Frameworks/MPSNDArray.framework/Versions/A/MPSNDArray
0x00007ffa27fad000 	/System/Library/Frameworks/MetalPerformanceShaders.framework/Versions/A/Frameworks/MPSFunctions.framework/Versions/A/MPSFunctions
0x00007ff80c123000 	/System/Library/PrivateFrameworks/MetalTools.framework/Versions/A/MetalTools
0x00007ff814fae000 	/System/Library/PrivateFrameworks/AggregateDictionary.framework/Versions/A/AggregateDictionary
0x00007ff8171a5000 	/usr/lib/libIOReport.dylib
0x00007ffa249e4000 	/System/Library/Frameworks/OpenCL.framework/Versions/A/OpenCL
0x00007ff817509000 	/System/Library/PrivateFrameworks/FaceCore.framework/Versions/A/FaceCore
0x00007ff8174fa000 	/System/Library/PrivateFrameworks/GraphVisualizer.framework/Versions/A/GraphVisualizer
0x00007ffb0f3a7000 	/System/Library/PrivateFrameworks/FontServices.framework/Versions/A/FontServices
0x00007ff817926000 	/System/Library/PrivateFrameworks/OTSVG.framework/Versions/A/OTSVG
0x00007ff812d93000 	/System/Library/Frameworks/ApplicationServices.framework/Versions/A/Frameworks/ATS.framework/Versions/A/Resources/libFontRegistry.dylib
0x00007ff817977000 	/System/Library/PrivateFrameworks/FontServices.framework/libhvf.dylib
0x00007ffb0f3a8000 	/System/Library/PrivateFrameworks/FontServices.framework/libXTFontStaticRegistryData.dylib
0x00007ff817373000 	/System/Library/PrivateFrameworks/AppleVA.framework/Versions/A/AppleVA
0x00007ff81948d000 	/System/Library/Frameworks/ApplicationServices.framework/Versions/A/Frameworks/ATS.framework/Versions/A/ATS
0x00007ff811466000 	/System/Library/Frameworks/ApplicationServices.framework/Versions/A/Frameworks/HIServices.framework/Versions/A/HIServices
0x00007ff81846f000 	/System/Library/Frameworks/ApplicationServices.framework/Versions/A/Frameworks/PrintCore.framework/Versions/A/PrintCore
0x00007ff81980c000 	/System/Library/Frameworks/ApplicationServices.framework/Versions/A/Frameworks/QD.framework/Versions/A/QD
0x00007ff819804000 	/System/Library/Frameworks/ApplicationServices.framework/Versions/A/Frameworks/ColorSyncLegacy.framework/Versions/A/ColorSyncLegacy
0x00007ff81947d000 	/System/Library/Frameworks/ApplicationServices.framework/Versions/A/Frameworks/SpeechSynthesis.framework/Versions/A/SpeechSynthesis
0x00007ff818430000 	/System/Library/Frameworks/ApplicationServices.framework/Versions/A/Frameworks/ATSUI.framework/Versions/A/ATSUI
0x00007ff819799000 	/usr/lib/libcups.2.dylib
0x00007ff819b5c000 	/System/Library/Frameworks/Kerberos.framework/Versions/A/Kerberos
0x00007ff819b6b000 	/System/Library/Frameworks/GSS.framework/Versions/A/GSS
0x00007ff8194f9000 	/usr/lib/libresolv.9.dylib
0x00007ff817986000 	/System/Library/PrivateFrameworks/Heimdal.framework/Versions/A/Heimdal
0x00007ff82060f000 	/System/Library/Frameworks/Kerberos.framework/Versions/A/Libraries/libHeimdalProxy.dylib
0x00007ff812135000 	/System/Library/Frameworks/Network.framework/Versions/A/Network
0x00007ff8173dd000 	/usr/lib/libheimdal-asn1.dylib
0x00007ff819bb6000 	/System/Library/PrivateFrameworks/CommonAuth.framework/Versions/A/CommonAuth
0x00007ff8193fe000 	/System/Library/PrivateFrameworks/AudioSession.framework/Versions/A/AudioSession
0x00007ff81746d000 	/System/Library/PrivateFrameworks/MediaExperience.framework/Versions/A/MediaExperience
0x00007ff819292000 	/System/Library/PrivateFrameworks/AudioSession.framework/libSessionUtility.dylib
0x00007ff819818000 	/System/Library/PrivateFrameworks/AudioResourceArbitration.framework/Versions/A/AudioResourceArbitration
0x00007ff8173e6000 	/System/Library/PrivateFrameworks/IconFoundation.framework/Versions/A/IconFoundation
0x00007ff81c5f2000 	/System/Library/PrivateFrameworks/SpeechRecognitionCore.framework/Versions/A/SpeechRecognitionCore
0x0000000105621000 	/Library/Internet Plug-Ins/JavaAppletPlugin.plugin/Contents/Home/lib/server/libjvm.dylib
0x0000000104868000 	/Library/Internet Plug-Ins/JavaAppletPlugin.plugin/Contents/Home/lib/libverify.dylib
0x00000001048ac000 	/Library/Internet Plug-Ins/JavaAppletPlugin.plugin/Contents/Home/lib/libjava.dylib
0x0000000104886000 	/Library/Internet Plug-Ins/JavaAppletPlugin.plugin/Contents/Home/lib/libzip.dylib
0x000000010559b000 	/Library/Internet Plug-Ins/JavaAppletPlugin.plugin/Contents/Home/lib/libprism_es2.dylib
0x00007ff80e2a0000 	/System/Library/PrivateFrameworks/CoreServicesInternal.framework/Versions/A/CoreServicesInternal
0x00007ffa235e0000 	/System/Library/Frameworks/OpenGL.framework/Versions/A/Resources/GLEngine.bundle/GLEngine
0x00007ffa23442000 	/System/Library/Frameworks/OpenGL.framework/Versions/A/Libraries/libGLProgrammability.dylib
0x00007ffa1780b000 	/System/Library/Extensions/AppleIntelKBLGraphicsGLDriver.bundle/Contents/MacOS/AppleIntelKBLGraphicsGLDriver
0x00007ff91af27000 	/System/Library/PrivateFrameworks/GPUSupport.framework/Versions/A/Libraries/libGPUSupportMercury.dylib
0x00007ffa2376f000 	/System/Library/Frameworks/OpenGL.framework/Versions/A/Resources/GLRendererFloat.bundle/GLRendererFloat
0x000000011c23c000 	/Library/Internet Plug-Ins/JavaAppletPlugin.plugin/Contents/Home/lib/libglass.dylib
0x00007ff81ddc3000 	/System/Library/Frameworks/FileProvider.framework/Versions/A/FileProvider
0x00007ff811f14000 	/System/Library/Frameworks/Accounts.framework/Versions/A/Accounts
0x00007ff81df3b000 	/System/Library/PrivateFrameworks/GenerationalStorage.framework/Versions/A/GenerationalStorage
0x00007ff81ea48000 	/System/Library/PrivateFrameworks/CoreSymbolication.framework/Versions/A/CoreSymbolication
0x00007ff81d7c7000 	/System/Library/PrivateFrameworks/SymptomDiagnosticReporter.framework/Versions/A/SymptomDiagnosticReporter
0x00007ff80f55f000 	/System/Library/PrivateFrameworks/DesktopServicesPriv.framework/Versions/A/DesktopServicesPriv
0x00007ff80e3e1000 	/usr/lib/libsandbox.1.dylib
0x00007ff813229000 	/System/Library/PrivateFrameworks/UserManagement.framework/Versions/A/UserManagement
0x00007ff81ea0d000 	/System/Library/PrivateFrameworks/DebugSymbols.framework/Versions/A/DebugSymbols
0x00007ff8197f9000 	/System/Library/PrivateFrameworks/NetAuth.framework/Versions/A/NetAuth
0x00007ff81a6e5000 	/System/Library/PrivateFrameworks/Sharing.framework/Versions/A/Sharing
0x00007ff8131fc000 	/System/Library/PrivateFrameworks/login.framework/Versions/A/Frameworks/loginsupport.framework/Versions/A/loginsupport
0x00007ff81fb45000 	/System/Library/PrivateFrameworks/Apple80211.framework/Versions/A/Apple80211
0x00007ff816498000 	/System/Library/PrivateFrameworks/AuthKit.framework/Versions/A/AuthKit
0x00007ff815af7000 	/System/Library/PrivateFrameworks/CoreUtils.framework/Versions/A/CoreUtils
0x00007ff815a1e000 	/System/Library/Frameworks/CoreWLAN.framework/Versions/A/CoreWLAN
0x00007ff81a840000 	/System/Library/Frameworks/IOBluetooth.framework/Versions/A/IOBluetooth
0x00007ff81fbad000 	/System/Library/PrivateFrameworks/CoreWiFi.framework/Versions/A/CoreWiFi
0x00007ff81e5e2000 	/System/Library/PrivateFrameworks/FrontBoardServices.framework/Versions/A/FrontBoardServices
0x00007ff81e674000 	/System/Library/PrivateFrameworks/BoardServices.framework/Versions/A/BoardServices
0x00007ff815d11000 	/System/Library/PrivateFrameworks/AssertionServices.framework/Versions/A/AssertionServices
0x00007ff81fd31000 	/System/Library/PrivateFrameworks/BackBoardServices.framework/Versions/A/BackBoardServices
0x00007ff819c45000 	/System/Library/PrivateFrameworks/CorePhoneNumbers.framework/Versions/A/CorePhoneNumbers
0x00007ff81d8e4000 	/System/Library/PrivateFrameworks/DiskManagement.framework/Versions/A/DiskManagement
0x00007ff81d7f8000 	/System/Library/PrivateFrameworks/AppleIDAuthSupport.framework/Versions/A/AppleIDAuthSupport
0x00007ffa29f13000 	/System/Library/PrivateFrameworks/AAAFoundation.framework/Versions/A/AAAFoundation
0x00007ff819c26000 	/System/Library/PrivateFrameworks/KeychainCircle.framework/Versions/A/KeychainCircle
0x00007ff81d8b0000 	/System/Library/PrivateFrameworks/MediaKit.framework/Versions/A/MediaKit
0x00007ff81d804000 	/System/Library/Frameworks/DiscRecording.framework/Versions/A/DiscRecording
0x00007ff8172eb000 	/usr/lib/libCoreStorage.dylib
0x00007ff82001e000 	/usr/lib/libcsfde.dylib
0x00007ff81a90d000 	/System/Library/PrivateFrameworks/ProtectedCloudStorage.framework/Versions/A/ProtectedCloudStorage
0x00007ff82001a000 	/System/Library/PrivateFrameworks/EFILogin.framework/Versions/A/EFILogin
0x00007ff81df61000 	/System/Library/PrivateFrameworks/OctagonTrust.framework/Versions/A/OctagonTrust
0x00007ffb0e6e1000 	/System/Library/PrivateFrameworks/CoreUtilsExtras.framework/Versions/A/CoreUtilsExtras
0x00007ff81d737000 	/System/Library/Frameworks/CoreBluetooth.framework/Versions/A/CoreBluetooth
0x00007ff820694000 	/System/Library/Frameworks/AudioUnit.framework/Versions/A/AudioUnit
0x00007ff8172e3000 	/usr/lib/libMatch.1.dylib
0x00007ff915511000 	/System/Library/Frameworks/Accelerate.framework/Versions/A/Frameworks/vImage.framework/Versions/A/Libraries/libCGInterfaces.dylib
0x000000011dcff000 	/usr/lib/libobjc-trampolines.dylib
0x00007ff812f23000 	/System/Library/PrivateFrameworks/ViewBridge.framework/Versions/A/ViewBridge
0x00007ff817a40000 	/System/Library/PrivateFrameworks/login.framework/Versions/A/login
0x00007ffb20fab000 	/usr/lib/libRosetta.dylib
0x00000001202ab000 	/Library/Internet Plug-Ins/JavaAppletPlugin.plugin/Contents/Home/lib/libjavafx_font.dylib
0x00000001200a9000 	/Library/Internet Plug-Ins/JavaAppletPlugin.plugin/Contents/Home/lib/libprism_common.dylib
0x00007ffa2a5c9000 	/System/Library/PrivateFrameworks/AccessibilityBundles.framework/Versions/A/AccessibilityBundles
0x00007ff81ccb9000 	/System/Library/PrivateFrameworks/SystemAdministration.framework/Versions/A/SystemAdministration
0x00007ff818697000 	/System/Library/Frameworks/MediaToolbox.framework/Versions/A/MediaToolbox
0x00007ff81c5be000 	/System/Library/Frameworks/DirectoryService.framework/Versions/A/DirectoryService
0x00007ff81febd000 	/System/Library/PrivateFrameworks/DiskImages.framework/Versions/A/DiskImages
0x00007ff815db9000 	/System/Library/Frameworks/ServiceManagement.framework/Versions/A/ServiceManagement
0x00007ff820096000 	/System/Library/PrivateFrameworks/LoginUIKit.framework/Versions/A/Frameworks/LoginUICore.framework/Versions/A/LoginUICore
0x00007ff817bee000 	/usr/lib/libodfde.dylib
0x00007ff81dd93000 	/System/Library/PrivateFrameworks/CoreAVCHD.framework/Versions/A/CoreAVCHD
0x00007ff81cc7d000 	/System/Library/Frameworks/MediaAccessibility.framework/Versions/A/MediaAccessibility
0x00007ff81dd8f000 	/System/Library/PrivateFrameworks/Mangrove.framework/Versions/A/Mangrove
0x00007ff81cc88000 	/System/Library/PrivateFrameworks/AlgosScoreFramework.framework/Versions/A/AlgosScoreFramework
0x00007ffb0bb49000 	/System/Library/PrivateFrameworks/CMPhoto.framework/Versions/A/CMPhoto
0x00007ff81e8e3000 	/System/Library/PrivateFrameworks/AppleVPA.framework/Versions/A/AppleVPA
0x00007ff81d9d4000 	/System/Library/PrivateFrameworks/CoreAUC.framework/Versions/A/CoreAUC
0x00007ff82002a000 	/usr/lib/libcurl.4.dylib
0x00007ff81fd89000 	/usr/lib/libcrypto.44.dylib
0x00007ff81fe90000 	/usr/lib/libssl.46.dylib
0x00007ff81fd4f000 	/System/Library/Frameworks/LDAP.framework/Versions/A/LDAP
0x00007ff81fd87000 	/System/Library/PrivateFrameworks/TrustEvaluationAgent.framework/Versions/A/TrustEvaluationAgent
0x00007ff819512000 	/usr/lib/libsasl2.2.dylib
0x00007ff81ccad000 	/System/Library/PrivateFrameworks/CoreDaemon.framework/Versions/B/CoreDaemon
0x00007ff81cca8000 	/System/Library/PrivateFrameworks/AppleSRP.framework/Versions/A/AppleSRP
0x0000000122b92000 	/Library/Internet Plug-Ins/JavaAppletPlugin.plugin/Contents/Home/lib/libnet.dylib

VM Arguments:
jvm_args: -Dfile.encoding=UTF-8 
java_command: GuiServer
java_class_path (initial): /var/folders/g4/s3yd037n6ljglfgv_m9dtvch0000gn/T/cp_1dz47yiqc5uy2b6f207pfsw0e.jar
Launcher Type: SUN_STANDARD

Environment Variables:
PATH=/usr/local/bin:/usr/bin:/bin:/usr/sbin:/sbin:/Library/TeX/texbin:/Library/Apple/usr/bin
SHELL=/bin/zsh

Signal Handlers:
SIGSEGV: [libjvm.dylib+0x5a009b], sa_mask[0]=11111111011111110111111111111111, sa_flags=SA_ONSTACK|SA_RESTART|SA_SIGINFO
SIGBUS: [libjvm.dylib+0x5a009b], sa_mask[0]=11111111011111110111111111111111, sa_flags=SA_RESTART|SA_SIGINFO
SIGFPE: [libjvm.dylib+0x490c6d], sa_mask[0]=11111111011111110111111111111111, sa_flags=SA_RESTART|SA_SIGINFO
SIGPIPE: [libjvm.dylib+0x490c6d], sa_mask[0]=11111111011111110111111111111111, sa_flags=SA_RESTART|SA_SIGINFO
SIGXFSZ: [libjvm.dylib+0x490c6d], sa_mask[0]=11111111011111110111111111111111, sa_flags=SA_RESTART|SA_SIGINFO
SIGILL: [libjvm.dylib+0x490c6d], sa_mask[0]=11111111011111110111111111111111, sa_flags=SA_RESTART|SA_SIGINFO
SIGUSR1: SIG_DFL, sa_mask[0]=00000000000000000000000000000000, sa_flags=SA_RESTART
SIGUSR2: [libjvm.dylib+0x491566], sa_mask[0]=00000000000000000000000000000000, sa_flags=SA_RESTART|SA_SIGINFO
SIGHUP: [libjvm.dylib+0x48f775], sa_mask[0]=11111111011111110111111111111111, sa_flags=SA_RESTART|SA_SIGINFO
SIGINT: [libjvm.dylib+0x48f775], sa_mask[0]=11111111011111110111111111111111, sa_flags=SA_RESTART|SA_SIGINFO
SIGTERM: [libjvm.dylib+0x48f775], sa_mask[0]=11111111011111110111111111111111, sa_flags=SA_RESTART|SA_SIGINFO
SIGQUIT: [libjvm.dylib+0x48f775], sa_mask[0]=11111111011111110111111111111111, sa_flags=SA_RESTART|SA_SIGINFO


---------------  S Y S T E M  ---------------

OS:Bsduname:Darwin 21.1.0 Darwin Kernel Version 21.1.0: Wed Oct 13 17:33:23 PDT 2021; root:xnu-8019.41.5~1/RELEASE_X86_64 x86_64
rlimit: STACK 8192k, CORE 0k, NPROC 1392, NOFILE 10240, AS infinity
load average:6.11 6.01 4.88

CPU:total 8 (initial active 8) (4 cores per cpu, 2 threads per core) family 6 model 142 stepping 10, cmov, cx8, fxsr, mmx, sse, sse2, sse3, ssse3, sse4.1, sse4.2, popcnt, avx, avx2, aes, clmul, erms, 3dnowpref, lzcnt, ht, tsc, tscinvbit, bmi1, bmi2, adx

Memory: 4k page, physical 8388608k(40388k free)

/proc/meminfo:


vm_info: Java HotSpot(TM) 64-Bit Server VM (25.261-b12) for bsd-amd64 JRE (1.8.0_261-b12), built on Jun 18 2020 06:38:55 by "java_re" with gcc 4.2.1 Compatible Apple LLVM 10.0.0 (clang-1000.11.45.5)

time: Mon Nov 22 16:46:49 2021
timezone: CST
elapsed time: 4 seconds (0d 0h 0m 4s)

